<?xml version="1.0" encoding="UTF-8"?>
<testsuite xmlns:xsi="http://www.w3.org/2001/XMLSchema-instance" xsi:noNamespaceSchemaLocation="https://maven.apache.org/surefire/maven-surefire-plugin/xsd/surefire-test-report-3.0.xsd" version="3.0" name="spw4.connectfour.ConnectFourImplTests" time="0.101" tests="36" errors="0" skipped="0" failures="0">
  <properties>
    <property name="java.specification.version" value="24"/>
    <property name="sun.jnu.encoding" value="UTF-8"/>
    <property name="java.class.path" value="/Users/ninafischerlehner/Library/CloudStorage/OneDrive-FHOOe/4.SE/Testauto/exercise-3-ninaflnr/target/test-classes:/Users/ninafischerlehner/Library/CloudStorage/OneDrive-FHOOe/4.SE/Testauto/exercise-3-ninaflnr/target/classes:/Users/ninafischerlehner/.m2/repository/org/junit/jupiter/junit-jupiter/5.10.2/junit-jupiter-5.10.2.jar:/Users/ninafischerlehner/.m2/repository/org/junit/jupiter/junit-jupiter-api/5.10.2/junit-jupiter-api-5.10.2.jar:/Users/ninafischerlehner/.m2/repository/org/opentest4j/opentest4j/1.3.0/opentest4j-1.3.0.jar:/Users/ninafischerlehner/.m2/repository/org/junit/platform/junit-platform-commons/1.10.2/junit-platform-commons-1.10.2.jar:/Users/ninafischerlehner/.m2/repository/org/apiguardian/apiguardian-api/1.1.2/apiguardian-api-1.1.2.jar:/Users/ninafischerlehner/.m2/repository/org/junit/jupiter/junit-jupiter-params/5.10.2/junit-jupiter-params-5.10.2.jar:/Users/ninafischerlehner/.m2/repository/org/junit/jupiter/junit-jupiter-engine/5.10.2/junit-jupiter-engine-5.10.2.jar:/Users/ninafischerlehner/.m2/repository/org/junit/platform/junit-platform-engine/1.10.2/junit-platform-engine-1.10.2.jar:/Users/ninafischerlehner/.m2/repository/org/assertj/assertj-core/3.25.3/assertj-core-3.25.3.jar:/Users/ninafischerlehner/.m2/repository/net/bytebuddy/byte-buddy/1.14.11/byte-buddy-1.14.11.jar:/Users/ninafischerlehner/.m2/repository/org/hamcrest/hamcrest/2.2/hamcrest-2.2.jar:/Users/ninafischerlehner/.m2/repository/org/mockito/mockito-inline/5.2.0/mockito-inline-5.2.0.jar:/Users/ninafischerlehner/.m2/repository/org/mockito/mockito-core/5.2.0/mockito-core-5.2.0.jar:/Users/ninafischerlehner/.m2/repository/net/bytebuddy/byte-buddy-agent/1.14.1/byte-buddy-agent-1.14.1.jar:/Users/ninafischerlehner/.m2/repository/org/objenesis/objenesis/3.3/objenesis-3.3.jar:/Users/ninafischerlehner/.m2/repository/org/mockito/mockito-junit-jupiter/5.11.0/mockito-junit-jupiter-5.11.0.jar:/Users/ninafischerlehner/.m2/repository/javax/javaee-web-api/8.0.1/javaee-web-api-8.0.1.jar:"/>
    <property name="java.vm.vendor" value="Homebrew"/>
    <property name="sun.arch.data.model" value="64"/>
    <property name="java.vendor.url" value="https://github.com/Homebrew/homebrew-core/issues"/>
    <property name="os.name" value="Mac OS X"/>
    <property name="java.vm.specification.version" value="24"/>
    <property name="sun.java.launcher" value="SUN_STANDARD"/>
    <property name="user.country" value="AT"/>
    <property name="sun.boot.library.path" value="/opt/homebrew/Cellar/openjdk/24.0.1/libexec/openjdk.jdk/Contents/Home/lib"/>
    <property name="sun.java.command" value="/Users/ninafischerlehner/Library/CloudStorage/OneDrive-FHOOe/4.SE/Testauto/exercise-3-ninaflnr/target/surefire/surefirebooter-20250620204930251_3.jar /Users/ninafischerlehner/Library/CloudStorage/OneDrive-FHOOe/4.SE/Testauto/exercise-3-ninaflnr/target/surefire 2025-06-20T20-49-30_213-jvmRun1 surefire-20250620204930251_1tmp surefire_0-20250620204930251_2tmp"/>
    <property name="http.nonProxyHosts" value="local|*.local|169.254/16|*.169.254/16"/>
    <property name="jdk.debug" value="release"/>
    <property name="surefire.test.class.path" value="/Users/ninafischerlehner/Library/CloudStorage/OneDrive-FHOOe/4.SE/Testauto/exercise-3-ninaflnr/target/test-classes:/Users/ninafischerlehner/Library/CloudStorage/OneDrive-FHOOe/4.SE/Testauto/exercise-3-ninaflnr/target/classes:/Users/ninafischerlehner/.m2/repository/org/junit/jupiter/junit-jupiter/5.10.2/junit-jupiter-5.10.2.jar:/Users/ninafischerlehner/.m2/repository/org/junit/jupiter/junit-jupiter-api/5.10.2/junit-jupiter-api-5.10.2.jar:/Users/ninafischerlehner/.m2/repository/org/opentest4j/opentest4j/1.3.0/opentest4j-1.3.0.jar:/Users/ninafischerlehner/.m2/repository/org/junit/platform/junit-platform-commons/1.10.2/junit-platform-commons-1.10.2.jar:/Users/ninafischerlehner/.m2/repository/org/apiguardian/apiguardian-api/1.1.2/apiguardian-api-1.1.2.jar:/Users/ninafischerlehner/.m2/repository/org/junit/jupiter/junit-jupiter-params/5.10.2/junit-jupiter-params-5.10.2.jar:/Users/ninafischerlehner/.m2/repository/org/junit/jupiter/junit-jupiter-engine/5.10.2/junit-jupiter-engine-5.10.2.jar:/Users/ninafischerlehner/.m2/repository/org/junit/platform/junit-platform-engine/1.10.2/junit-platform-engine-1.10.2.jar:/Users/ninafischerlehner/.m2/repository/org/assertj/assertj-core/3.25.3/assertj-core-3.25.3.jar:/Users/ninafischerlehner/.m2/repository/net/bytebuddy/byte-buddy/1.14.11/byte-buddy-1.14.11.jar:/Users/ninafischerlehner/.m2/repository/org/hamcrest/hamcrest/2.2/hamcrest-2.2.jar:/Users/ninafischerlehner/.m2/repository/org/mockito/mockito-inline/5.2.0/mockito-inline-5.2.0.jar:/Users/ninafischerlehner/.m2/repository/org/mockito/mockito-core/5.2.0/mockito-core-5.2.0.jar:/Users/ninafischerlehner/.m2/repository/net/bytebuddy/byte-buddy-agent/1.14.1/byte-buddy-agent-1.14.1.jar:/Users/ninafischerlehner/.m2/repository/org/objenesis/objenesis/3.3/objenesis-3.3.jar:/Users/ninafischerlehner/.m2/repository/org/mockito/mockito-junit-jupiter/5.11.0/mockito-junit-jupiter-5.11.0.jar:/Users/ninafischerlehner/.m2/repository/javax/javaee-web-api/8.0.1/javaee-web-api-8.0.1.jar:"/>
    <property name="sun.cpu.endian" value="little"/>
    <property name="user.home" value="/Users/ninafischerlehner"/>
    <property name="user.language" value="de"/>
    <property name="java.specification.vendor" value="Oracle Corporation"/>
    <property name="java.version.date" value="2025-04-15"/>
    <property name="java.home" value="/opt/homebrew/Cellar/openjdk/24.0.1/libexec/openjdk.jdk/Contents/Home"/>
    <property name="file.separator" value="/"/>
    <property name="basedir" value="/Users/ninafischerlehner/Library/CloudStorage/OneDrive-FHOOe/4.SE/Testauto/exercise-3-ninaflnr"/>
    <property name="java.vm.compressedOopsMode" value="Zero based"/>
    <property name="line.separator" value="&#10;"/>
    <property name="java.vm.specification.vendor" value="Oracle Corporation"/>
    <property name="java.specification.name" value="Java Platform API Specification"/>
    <property name="apple.awt.application.name" value="ForkedBooter"/>
    <property name="surefire.real.class.path" value="/Users/ninafischerlehner/Library/CloudStorage/OneDrive-FHOOe/4.SE/Testauto/exercise-3-ninaflnr/target/surefire/surefirebooter-20250620204930251_3.jar"/>
    <property name="sun.management.compiler" value="HotSpot 64-Bit Tiered Compilers"/>
    <property name="ftp.nonProxyHosts" value="local|*.local|169.254/16|*.169.254/16"/>
    <property name="java.runtime.version" value="24.0.1"/>
    <property name="user.name" value="ninafischerlehner"/>
    <property name="stdout.encoding" value="UTF-8"/>
    <property name="path.separator" value=":"/>
    <property name="os.version" value="15.5"/>
    <property name="java.runtime.name" value="OpenJDK Runtime Environment"/>
    <property name="file.encoding" value="UTF-8"/>
    <property name="java.vm.name" value="OpenJDK 64-Bit Server VM"/>
    <property name="java.vendor.version" value="Homebrew"/>
    <property name="localRepository" value="/Users/ninafischerlehner/.m2/repository"/>
    <property name="java.vendor.url.bug" value="https://github.com/Homebrew/homebrew-core/issues"/>
    <property name="java.io.tmpdir" value="/var/folders/t9/q35bdkvj2n17v51q9pbbnbym0000gn/T/"/>
    <property name="java.version" value="24.0.1"/>
    <property name="user.dir" value="/Users/ninafischerlehner/Library/CloudStorage/OneDrive-FHOOe/4.SE/Testauto/exercise-3-ninaflnr"/>
    <property name="os.arch" value="aarch64"/>
    <property name="java.vm.specification.name" value="Java Virtual Machine Specification"/>
    <property name="native.encoding" value="UTF-8"/>
    <property name="java.library.path" value="/Users/ninafischerlehner/Library/Java/Extensions:/Library/Java/Extensions:/Network/Library/Java/Extensions:/System/Library/Java/Extensions:/usr/lib/java:."/>
    <property name="java.vm.info" value="mixed mode"/>
    <property name="stderr.encoding" value="UTF-8"/>
    <property name="java.vendor" value="Homebrew"/>
    <property name="java.vm.version" value="24.0.1"/>
    <property name="sun.io.unicode.encoding" value="UnicodeBig"/>
    <property name="socksNonProxyHosts" value="local|*.local|169.254/16|*.169.254/16"/>
    <property name="java.class.version" value="68.0"/>
  </properties>
  <testcase name="toString_PrintsCorrectBoard(int)[1]" classname="spw4.connectfour.ConnectFourImplTests" time="0.053"/>
  <testcase name="ctor_withValidPlayer_ReturnsConnectFourImplClass(Player)[1]" classname="spw4.connectfour.ConnectFourImplTests" time="0.001"/>
  <testcase name="ctor_withValidPlayer_ReturnsConnectFourImplClass(Player)[2]" classname="spw4.connectfour.ConnectFourImplTests" time="0.0"/>
  <testcase name="getPlayerOnTurn_ReturnsCurrentPlayer(Player)[1]" classname="spw4.connectfour.ConnectFourImplTests" time="0.002"/>
  <testcase name="getPlayerOnTurn_ReturnsCurrentPlayer(Player)[2]" classname="spw4.connectfour.ConnectFourImplTests" time="0.0"/>
  <testcase name="hasFourConnected_LeftEdge_NoBoundaryViolation" classname="spw4.connectfour.ConnectFourImplTests" time="0.001"/>
  <testcase name="reset_withNull_ThrowsException" classname="spw4.connectfour.ConnectFourImplTests" time="0.001"/>
  <testcase name="hasFourConnected_YellowWins_GameIsOver" classname="spw4.connectfour.ConnectFourImplTests" time="0.0"/>
  <testcase name="reset_afterGameOver_ResetsGameState" classname="spw4.connectfour.ConnectFourImplTests" time="0.0"/>
  <testcase name="reset_withValidPlayerYellow_ResetsGameState" classname="spw4.connectfour.ConnectFourImplTests" time="0.0"/>
  <testcase name="hasFourConnected_DiagonalDownLeftWin_GameIsOver" classname="spw4.connectfour.ConnectFourImplTests" time="0.0"/>
  <testcase name="hasFourConnected_DiagonalDownRightWin_GameIsOver" classname="spw4.connectfour.ConnectFourImplTests" time="0.0"/>
  <testcase name="getPlayerAt_withInvalidRow_ThrowsException" classname="spw4.connectfour.ConnectFourImplTests" time="0.0"/>
  <testcase name="drop_withValidCoords_PlacesCoin(int)[1]" classname="spw4.connectfour.ConnectFourImplTests" time="0.001"/>
  <testcase name="drop_withValidCoords_PlacesCoin(int)[2]" classname="spw4.connectfour.ConnectFourImplTests" time="0.0"/>
  <testcase name="drop_withValidCoords_PlacesCoin(int)[3]" classname="spw4.connectfour.ConnectFourImplTests" time="0.0"/>
  <testcase name="hasFourConnected_VerticalWin_GameIsOver" classname="spw4.connectfour.ConnectFourImplTests" time="0.0"/>
  <testcase name="drop_withValidCoords_ButAlreadyFullyOccupiedRow_ThrowsException(int)[1]" classname="spw4.connectfour.ConnectFourImplTests" time="0.001"/>
  <testcase name="drop_withValidCoords_ButAlreadyFullyOccupiedRow_ThrowsException(int)[2]" classname="spw4.connectfour.ConnectFourImplTests" time="0.0"/>
  <testcase name="drop_withValidCoords_ButAlreadyFullyOccupiedRow_ThrowsException(int)[3]" classname="spw4.connectfour.ConnectFourImplTests" time="0.0"/>
  <testcase name="ctor_withWrongPlayer_ThrowsException" classname="spw4.connectfour.ConnectFourImplTests" time="0.0"/>
  <testcase name="hasFourConnected_HorizontalWin_GameIsOver" classname="spw4.connectfour.ConnectFourImplTests" time="0.0"/>
  <testcase name="isGameOver_ReturnsFalse(Player)[1]" classname="spw4.connectfour.ConnectFourImplTests" time="0.0"/>
  <testcase name="isGameOver_ReturnsFalse(Player)[2]" classname="spw4.connectfour.ConnectFourImplTests" time="0.0"/>
  <testcase name="reset_duringActiveGame_ClearsBoard" classname="spw4.connectfour.ConnectFourImplTests" time="0.0"/>
  <testcase name="hasFourConnected_BottomEdge_NoBoundaryViolation" classname="spw4.connectfour.ConnectFourImplTests" time="0.0"/>
  <testcase name="ctor_withNull_ThrowsException" classname="spw4.connectfour.ConnectFourImplTests" time="0.001"/>
  <testcase name="hasFourConnected_NoWin_GameContinues" classname="spw4.connectfour.ConnectFourImplTests" time="0.0"/>
  <testcase name="hasFourConnected_RightEdge_NoBoundaryViolation" classname="spw4.connectfour.ConnectFourImplTests" time="0.0"/>
  <testcase name="reset_withValidPlayerRed_ResetsGameState" classname="spw4.connectfour.ConnectFourImplTests" time="0.0"/>
  <testcase name="drop_withInvalidCoords_ThrowsException(int)[1]" classname="spw4.connectfour.ConnectFourImplTests" time="0.0"/>
  <testcase name="drop_withInvalidCoords_ThrowsException(int)[2]" classname="spw4.connectfour.ConnectFourImplTests" time="0.001"/>
  <testcase name="drop_withInvalidCoords_ThrowsException(int)[3]" classname="spw4.connectfour.ConnectFourImplTests" time="0.0"/>
  <testcase name="drop_withInvalidCoords_ThrowsException(int)[4]" classname="spw4.connectfour.ConnectFourImplTests" time="0.001"/>
  <testcase name="getPlayerAt_withInvalidCol_ThrowsException" classname="spw4.connectfour.ConnectFourImplTests" time="0.0"/>
  <testcase name="reset_withPlayerNone_ThrowsException" classname="spw4.connectfour.ConnectFourImplTests" time="0.001"/>
</testsuite>